2016/06/13 18:05:57 INFO  - jmeter.util.JMeterUtils: Setting Locale to zh_CN 
2016/06/13 18:05:57 INFO  - jmeter.JMeter: Loading user properties from: /home/chenxuehui/apache-jmeter-2.13/bin/user.properties 
2016/06/13 18:05:57 INFO  - jmeter.JMeter: Loading system properties from: /home/chenxuehui/apache-jmeter-2.13/bin/system.properties 
2016/06/13 18:05:57 INFO  - jmeter.JMeter: Copyright (c) 1998-2015 The Apache Software Foundation 
2016/06/13 18:05:57 INFO  - jmeter.JMeter: Version 2.13 r1665067 
2016/06/13 18:05:57 INFO  - jmeter.JMeter: java.version=1.8.0_60 
2016/06/13 18:05:57 INFO  - jmeter.JMeter: java.vm.name=Java HotSpot(TM) 64-Bit Server VM 
2016/06/13 18:05:57 INFO  - jmeter.JMeter: os.name=Linux 
2016/06/13 18:05:57 INFO  - jmeter.JMeter: os.arch=amd64 
2016/06/13 18:05:57 INFO  - jmeter.JMeter: os.version=3.16.0-69-generic 
2016/06/13 18:05:57 INFO  - jmeter.JMeter: file.encoding=UTF-8 
2016/06/13 18:05:57 INFO  - jmeter.JMeter: Default Locale=中文 (中国) 
2016/06/13 18:05:57 INFO  - jmeter.JMeter: JMeter  Locale=中文 (中国) 
2016/06/13 18:05:57 INFO  - jmeter.JMeter: JMeterHome=/home/chenxuehui/apache-jmeter-2.13 
2016/06/13 18:05:57 INFO  - jmeter.JMeter: user.dir  =/home/chenxuehui/apache-jmeter-2.13/construction-api-test 
2016/06/13 18:05:57 INFO  - jmeter.JMeter: PWD       =/home/chenxuehui/apache-jmeter-2.13/construction-api-test 
2016/06/13 18:05:57 INFO  - jmeter.JMeter: IP: 127.0.1.1 Name: chenxuehui-B85-D3V-A FullName: chenxuehui-B85-D3V-A 
2016/06/13 18:05:57 INFO  - jmeter.services.FileServer: Default base='/home/chenxuehui/apache-jmeter-2.13/construction-api-test' 
2016/06/13 18:05:57 INFO  - jmeter.services.FileServer: Set new base='/home/chenxuehui/apache-jmeter-2.13/construction-api-test/scripts/dev' 
2016/06/13 18:05:57 INFO  - jmeter.save.SaveService: Testplan (JMX) version: 2.2. Testlog (JTL) version: 2.2 
2016/06/13 18:05:57 INFO  - jmeter.save.SaveService: Using SaveService properties file encoding UTF-8 
2016/06/13 18:05:57 INFO  - jmeter.save.SaveService: Using SaveService properties file version 1656252 
2016/06/13 18:05:57 INFO  - jmeter.save.SaveService: Using SaveService properties version 2.8 
2016/06/13 18:05:57 INFO  - jmeter.save.SaveService: All converter versions present and correct 
2016/06/13 18:05:57 INFO  - jmeter.save.SaveService: Loading file: /home/chenxuehui/apache-jmeter-2.13/construction-api-test/scripts/dev/modelBackendAPI.jmx 
2016/06/13 18:05:57 INFO  - jmeter.protocol.http.sampler.HTTPSamplerBase: Cannot find .className property for htmlParser, using default 
2016/06/13 18:05:57 INFO  - jmeter.protocol.http.sampler.HTTPSamplerBase: Parser for text/html is  
2016/06/13 18:05:57 INFO  - jmeter.protocol.http.sampler.HTTPSamplerBase: Parser for application/xhtml+xml is  
2016/06/13 18:05:57 INFO  - jmeter.protocol.http.sampler.HTTPSamplerBase: Parser for application/xml is  
2016/06/13 18:05:57 INFO  - jmeter.protocol.http.sampler.HTTPSamplerBase: Parser for text/xml is  
2016/06/13 18:05:57 INFO  - jmeter.protocol.http.sampler.HTTPSamplerBase: Parser for text/vnd.wap.wml is org.apache.jmeter.protocol.http.parser.RegexpHTMLParser 
2016/06/13 18:05:57 INFO  - jmeter.util.BSFTestElement: Registering JMeter version of JavaScript engine as work-round for BSF-22 
2016/06/13 18:05:57 INFO  - jmeter.JMeter: Creating summariser <summary> 
2016/06/13 18:05:57 INFO  - jmeter.engine.StandardJMeterEngine: Listeners will be started after enabling running version 
2016/06/13 18:05:57 INFO  - jmeter.engine.StandardJMeterEngine: To revert to the earlier behaviour, define jmeterengine.startlistenerslater=false 
2016/06/13 18:05:57 INFO  - jmeter.engine.StandardJMeterEngine: Running the test! 
2016/06/13 18:05:57 INFO  - jmeter.samplers.SampleEvent: List of sample_variables: [] 
2016/06/13 18:05:57 INFO  - jmeter.samplers.SampleEvent: List of sample_variables: [] 
2016/06/13 18:05:57 INFO  - jmeter.engine.util.CompoundVariable: Note: Function class names must contain the string: '.functions.' 
2016/06/13 18:05:57 INFO  - jmeter.engine.util.CompoundVariable: Note: Function class names must not contain the string: '.gui.' 
2016/06/13 18:05:57 INFO  - jmeter.JMeter: 正在运行的测试 (1465812357523) 
2016/06/13 18:05:57 INFO  - jmeter.engine.StandardJMeterEngine: Starting ThreadGroup: 1 : dev线程组 
2016/06/13 18:05:57 INFO  - jmeter.engine.StandardJMeterEngine: Starting 1 threads for group dev线程组. 
2016/06/13 18:05:57 INFO  - jmeter.engine.StandardJMeterEngine: Thread will continue on error 
2016/06/13 18:05:57 INFO  - jmeter.threads.ThreadGroup: Starting thread group number 1 threads 1 ramp-up 1 perThread 1000.0 delayedStart=false 
2016/06/13 18:05:57 INFO  - jmeter.threads.JMeterThread: jmeterthread.startearlier=true (see jmeter.properties) 
2016/06/13 18:05:57 INFO  - jmeter.threads.JMeterThread: Running PostProcessors in forward order 
2016/06/13 18:05:57 INFO  - jmeter.threads.ThreadGroup: Started thread group number 1 
2016/06/13 18:05:57 INFO  - jmeter.engine.StandardJMeterEngine: All thread groups have been started 
2016/06/13 18:05:57 INFO  - jmeter.threads.JMeterThread: Thread started: dev线程组 1-1 
2016/06/13 18:05:57 INFO  - jmeter.protocol.http.sampler.HTTPHCAbstractImpl: Local host = chenxuehui-B85-D3V-A 
2016/06/13 18:05:57 INFO  - jmeter.protocol.http.sampler.HTTPHC4Impl: HTTP request retry count = 0 
2016/06/13 18:05:57 INFO  - jmeter.protocol.http.sampler.HTTPHC4Impl: Setting up HTTPS TrustAll scheme 
2016/06/13 18:05:57 INFO  - jmeter.util.JsseSSLManager: Using default SSL protocol: TLS 
2016/06/13 18:05:57 INFO  - jmeter.util.JsseSSLManager: SSL session context: per-thread 
2016/06/13 18:05:57 INFO  - jmeter.samplers.SampleResult: Note: Sample TimeStamps are START times 
2016/06/13 18:05:57 INFO  - jmeter.samplers.SampleResult: sampleresult.default.encoding is set to utf-8 
2016/06/13 18:05:57 INFO  - jmeter.samplers.SampleResult: sampleresult.useNanoTime=true 
2016/06/13 18:05:57 INFO  - jmeter.samplers.SampleResult: sampleresult.nanoThreadSleep=5000 
2016/06/13 18:05:58 INFO  - jmeter.assertions.BSFAssertion: count====71 
2016/06/13 18:05:58 INFO  - jmeter.threads.JMeterThread: Thread is done: dev线程组 1-1 
2016/06/13 18:05:58 INFO  - jmeter.threads.JMeterThread: Thread finished: dev线程组 1-1 
2016/06/13 18:05:58 INFO  - jmeter.engine.StandardJMeterEngine: Notifying test listeners of end of test 
2016/06/13 18:05:58 INFO  - jmeter.reporters.Summariser: summary =      4 in     1s =    7.6/s Avg:    36 Min:     5 Max:    94 Err:     0 (0.00%) 
